2025-03-05T11:47:04.697+05:30  INFO 9140 --- [16_Spring_Boot_Loggins] [main] lk.ijse.Application                      : Starting Application using Java 17.0.10 with PID 9140 (C:\Users\Lenovo\IdeaProjects\AAD-Main_lec\Spring\Spring Framework\16_Spring_Boot_Loggins\target\classes started by Lenovo in C:\Users\Lenovo\IdeaProjects\AAD-Main_lec\Spring\Spring Framework)
2025-03-05T11:47:04.699+05:30 DEBUG 9140 --- [16_Spring_Boot_Loggins] [main] lk.ijse.Application                      : Running with Spring Boot v3.4.3, Spring v6.2.3
2025-03-05T11:47:04.700+05:30  INFO 9140 --- [16_Spring_Boot_Loggins] [main] lk.ijse.Application                      : No active profile set, falling back to 1 default profile: "default"
2025-03-05T11:47:05.282+05:30  INFO 9140 --- [16_Spring_Boot_Loggins] [main] o.s.b.w.embedded.tomcat.TomcatWebServer  : Tomcat initialized with port 8080 (http)
2025-03-05T11:47:05.291+05:30  INFO 9140 --- [16_Spring_Boot_Loggins] [main] o.apache.catalina.core.StandardService   : Starting service [Tomcat]
2025-03-05T11:47:05.291+05:30  INFO 9140 --- [16_Spring_Boot_Loggins] [main] o.apache.catalina.core.StandardEngine    : Starting Servlet engine: [Apache Tomcat/10.1.36]
2025-03-05T11:47:05.321+05:30  INFO 9140 --- [16_Spring_Boot_Loggins] [main] o.a.c.c.C.[Tomcat].[localhost].[/]       : Initializing Spring embedded WebApplicationContext
2025-03-05T11:47:05.321+05:30  INFO 9140 --- [16_Spring_Boot_Loggins] [main] w.s.c.ServletWebServerApplicationContext : Root WebApplicationContext: initialization completed in 588 ms
2025-03-05T11:47:05.582+05:30  INFO 9140 --- [16_Spring_Boot_Loggins] [main] o.s.b.w.embedded.tomcat.TomcatWebServer  : Tomcat started on port 8080 (http) with context path '/'
2025-03-05T11:47:05.588+05:30  INFO 9140 --- [16_Spring_Boot_Loggins] [main] lk.ijse.Application                      : Started Application in 1.252 seconds (process running for 1.671)
2025-03-05T11:49:12.795+05:30  INFO 9140 --- [16_Spring_Boot_Loggins] [http-nio-8080-exec-1] o.a.c.c.C.[Tomcat].[localhost].[/]       : Initializing Spring DispatcherServlet 'dispatcherServlet'
2025-03-05T11:49:12.795+05:30  INFO 9140 --- [16_Spring_Boot_Loggins] [http-nio-8080-exec-1] o.s.web.servlet.DispatcherServlet        : Initializing Servlet 'dispatcherServlet'
2025-03-05T11:49:12.796+05:30  INFO 9140 --- [16_Spring_Boot_Loggins] [http-nio-8080-exec-1] o.s.web.servlet.DispatcherServlet        : Completed initialization in 1 ms
2025-03-05T11:49:12.814+05:30 DEBUG 9140 --- [16_Spring_Boot_Loggins] [http-nio-8080-exec-1] lk.ijse.controller.DemoController        : Debug Message
2025-03-05T11:49:12.814+05:30  INFO 9140 --- [16_Spring_Boot_Loggins] [http-nio-8080-exec-1] lk.ijse.controller.DemoController        : Info Message
2025-03-05T11:49:12.814+05:30  WARN 9140 --- [16_Spring_Boot_Loggins] [http-nio-8080-exec-1] lk.ijse.controller.DemoController        : Warn Message
2025-03-05T11:49:12.814+05:30 ERROR 9140 --- [16_Spring_Boot_Loggins] [http-nio-8080-exec-1] lk.ijse.controller.DemoController        : Error Message
2025-03-05T11:51:56.205+05:30  INFO 9140 --- [16_Spring_Boot_Loggins] [SpringApplicationShutdownHook] o.s.b.w.e.tomcat.GracefulShutdown        : Commencing graceful shutdown. Waiting for active requests to complete
2025-03-05T11:51:56.360+05:30  INFO 9140 --- [16_Spring_Boot_Loggins] [tomcat-shutdown] o.s.b.w.e.tomcat.GracefulShutdown        : Graceful shutdown complete
2025-03-05T11:51:59.040+05:30  INFO 18548 --- [16_Spring_Boot_Loggins] [main] lk.ijse.Application                      : Starting Application using Java 17.0.10 with PID 18548 (C:\Users\Lenovo\IdeaProjects\AAD-Main_lec\Spring\Spring Framework\16_Spring_Boot_Loggins\target\classes started by Lenovo in C:\Users\Lenovo\IdeaProjects\AAD-Main_lec\Spring\Spring Framework)
2025-03-05T11:51:59.042+05:30 DEBUG 18548 --- [16_Spring_Boot_Loggins] [main] lk.ijse.Application                      : Running with Spring Boot v3.4.3, Spring v6.2.3
2025-03-05T11:51:59.043+05:30  INFO 18548 --- [16_Spring_Boot_Loggins] [main] lk.ijse.Application                      : No active profile set, falling back to 1 default profile: "default"
2025-03-05T11:51:59.611+05:30  INFO 18548 --- [16_Spring_Boot_Loggins] [main] o.s.b.w.embedded.tomcat.TomcatWebServer  : Tomcat initialized with port 8080 (http)
2025-03-05T11:51:59.618+05:30  INFO 18548 --- [16_Spring_Boot_Loggins] [main] o.apache.catalina.core.StandardService   : Starting service [Tomcat]
2025-03-05T11:51:59.619+05:30  INFO 18548 --- [16_Spring_Boot_Loggins] [main] o.apache.catalina.core.StandardEngine    : Starting Servlet engine: [Apache Tomcat/10.1.36]
2025-03-05T11:51:59.648+05:30  INFO 18548 --- [16_Spring_Boot_Loggins] [main] o.a.c.c.C.[Tomcat].[localhost].[/]       : Initializing Spring embedded WebApplicationContext
2025-03-05T11:51:59.649+05:30  INFO 18548 --- [16_Spring_Boot_Loggins] [main] w.s.c.ServletWebServerApplicationContext : Root WebApplicationContext: initialization completed in 574 ms
2025-03-05T11:51:59.893+05:30  INFO 18548 --- [16_Spring_Boot_Loggins] [main] o.s.b.w.embedded.tomcat.TomcatWebServer  : Tomcat started on port 8080 (http) with context path '/'
2025-03-05T11:51:59.898+05:30  INFO 18548 --- [16_Spring_Boot_Loggins] [main] lk.ijse.Application                      : Started Application in 1.213 seconds (process running for 1.574)
2025-03-05T11:52:05.501+05:30  INFO 18548 --- [16_Spring_Boot_Loggins] [http-nio-8080-exec-2] o.a.c.c.C.[Tomcat].[localhost].[/]       : Initializing Spring DispatcherServlet 'dispatcherServlet'
2025-03-05T11:52:05.502+05:30  INFO 18548 --- [16_Spring_Boot_Loggins] [http-nio-8080-exec-2] o.s.web.servlet.DispatcherServlet        : Initializing Servlet 'dispatcherServlet'
2025-03-05T11:52:05.502+05:30  INFO 18548 --- [16_Spring_Boot_Loggins] [http-nio-8080-exec-2] o.s.web.servlet.DispatcherServlet        : Completed initialization in 0 ms
2025-03-05T11:52:05.519+05:30 DEBUG 18548 --- [16_Spring_Boot_Loggins] [http-nio-8080-exec-2] lk.ijse.controller.DemoController        : Debug Message
2025-03-05T11:52:05.519+05:30  INFO 18548 --- [16_Spring_Boot_Loggins] [http-nio-8080-exec-2] lk.ijse.controller.DemoController        : Info Message
2025-03-05T11:52:05.519+05:30  WARN 18548 --- [16_Spring_Boot_Loggins] [http-nio-8080-exec-2] lk.ijse.controller.DemoController        : Warn Message
2025-03-05T11:52:05.519+05:30 ERROR 18548 --- [16_Spring_Boot_Loggins] [http-nio-8080-exec-2] lk.ijse.controller.DemoController        : Error Message
2025-03-05T11:52:19.870+05:30  INFO 18548 --- [16_Spring_Boot_Loggins] [SpringApplicationShutdownHook] o.s.b.w.e.tomcat.GracefulShutdown        : Commencing graceful shutdown. Waiting for active requests to complete
2025-03-05T11:52:20.097+05:30  INFO 18548 --- [16_Spring_Boot_Loggins] [tomcat-shutdown] o.s.b.w.e.tomcat.GracefulShutdown        : Graceful shutdown complete
2025-03-05T11:52:22.639+05:30  INFO 20832 --- [16_Spring_Boot_Loggins] [main] lk.ijse.Application                      : Starting Application using Java 17.0.10 with PID 20832 (C:\Users\Lenovo\IdeaProjects\AAD-Main_lec\Spring\Spring Framework\16_Spring_Boot_Loggins\target\classes started by Lenovo in C:\Users\Lenovo\IdeaProjects\AAD-Main_lec\Spring\Spring Framework)
2025-03-05T11:52:22.640+05:30 DEBUG 20832 --- [16_Spring_Boot_Loggins] [main] lk.ijse.Application                      : Running with Spring Boot v3.4.3, Spring v6.2.3
2025-03-05T11:52:22.641+05:30  INFO 20832 --- [16_Spring_Boot_Loggins] [main] lk.ijse.Application                      : No active profile set, falling back to 1 default profile: "default"
2025-03-05T11:52:23.188+05:30  INFO 20832 --- [16_Spring_Boot_Loggins] [main] o.s.b.w.embedded.tomcat.TomcatWebServer  : Tomcat initialized with port 8080 (http)
2025-03-05T11:52:23.197+05:30  INFO 20832 --- [16_Spring_Boot_Loggins] [main] o.apache.catalina.core.StandardService   : Starting service [Tomcat]
2025-03-05T11:52:23.197+05:30  INFO 20832 --- [16_Spring_Boot_Loggins] [main] o.apache.catalina.core.StandardEngine    : Starting Servlet engine: [Apache Tomcat/10.1.36]
2025-03-05T11:52:23.229+05:30  INFO 20832 --- [16_Spring_Boot_Loggins] [main] o.a.c.c.C.[Tomcat].[localhost].[/]       : Initializing Spring embedded WebApplicationContext
2025-03-05T11:52:23.229+05:30  INFO 20832 --- [16_Spring_Boot_Loggins] [main] w.s.c.ServletWebServerApplicationContext : Root WebApplicationContext: initialization completed in 554 ms
2025-03-05T11:52:23.471+05:30  INFO 20832 --- [16_Spring_Boot_Loggins] [main] o.s.b.w.embedded.tomcat.TomcatWebServer  : Tomcat started on port 8080 (http) with context path '/'
2025-03-05T11:52:23.476+05:30  INFO 20832 --- [16_Spring_Boot_Loggins] [main] lk.ijse.Application                      : Started Application in 1.193 seconds (process running for 1.549)
2025-03-05T12:08:30.776+05:30  INFO 20832 --- [16_Spring_Boot_Loggins] [http-nio-8080-exec-1] o.a.c.c.C.[Tomcat].[localhost].[/]       : Initializing Spring DispatcherServlet 'dispatcherServlet'
2025-03-05T12:08:30.777+05:30  INFO 20832 --- [16_Spring_Boot_Loggins] [http-nio-8080-exec-1] o.s.web.servlet.DispatcherServlet        : Initializing Servlet 'dispatcherServlet'
2025-03-05T12:08:30.778+05:30  INFO 20832 --- [16_Spring_Boot_Loggins] [http-nio-8080-exec-1] o.s.web.servlet.DispatcherServlet        : Completed initialization in 1 ms
2025-03-05T12:08:30.797+05:30 DEBUG 20832 --- [16_Spring_Boot_Loggins] [http-nio-8080-exec-1] lk.ijse.controller.DemoController        : Debug Message
2025-03-05T12:08:30.797+05:30  INFO 20832 --- [16_Spring_Boot_Loggins] [http-nio-8080-exec-1] lk.ijse.controller.DemoController        : Info Message
2025-03-05T12:08:30.797+05:30  WARN 20832 --- [16_Spring_Boot_Loggins] [http-nio-8080-exec-1] lk.ijse.controller.DemoController        : Warn Message
2025-03-05T12:08:30.797+05:30 ERROR 20832 --- [16_Spring_Boot_Loggins] [http-nio-8080-exec-1] lk.ijse.controller.DemoController        : Error Message
